2013-03-14 00:37:24.684 HelloWorld[2507:c07] Multi-tasking -> Device: YES, App: YES
2013-03-14 00:37:24.948 HelloWorld[2507:c07] Resetting plugins due to page load.
2013-03-14 00:37:28.527 HelloWorld[2507:c07] Finished load of: file:///Users/mgrassotti/Library/Application%20Support/iPhone%20Simulator/6.1/Applications/AB8A2E69-1CF6-46CC-B858-B1E40B7667D3/HelloWorld.app/www/index.html
2013-03-14 00:37:28.640 HelloWorld[2507:c07] [LOG] scheduling ajax...
2013-03-14 00:37:28.641 HelloWorld[2507:c07] [LOG] loading enter
2013-03-14 00:37:28.641 HelloWorld[2507:c07] [LOG] scheduling ajax...
2013-03-14 00:37:28.642 HelloWorld[2507:c07] [LOG] loading exit
2013-03-14 00:37:29.612 HelloWorld[2507:c07] [LOG] running ajax after delay...
2013-03-14 00:37:29.617 HelloWorld[2507:c07] [LOG] running ajax after delay...
2013-03-14 11:38:25.562 HelloWorld[35890:c07] Multi-tasking -> Device: YES, App: YES
2013-03-14 11:38:27.083 HelloWorld[35890:c07] Resetting plugins due to page load.
2013-03-14 11:38:32.856 HelloWorld[35890:c07] Finished load of: file:///Users/mgrassotti/Library/Application%20Support/iPhone%20Simulator/6.1/Applications/F87FCAC4-F741-402A-B25D-0506493135EB/HelloWorld.app/www/index.html
2013-03-14 11:38:33.022 HelloWorld[35890:c07] [LOG] scheduling ajax...
2013-03-14 11:38:33.023 HelloWorld[35890:c07] [LOG] loading enter
2013-03-14 11:38:33.023 HelloWorld[35890:c07] [LOG] scheduling ajax...
2013-03-14 11:38:33.024 HelloWorld[35890:c07] [LOG] loading exit
2013-03-14 11:38:34.005 HelloWorld[35890:c07] [LOG] running ajax after delay...
2013-03-14 11:38:34.009 HelloWorld[35890:c07] [LOG] running ajax after delay...
2013-03-14 11:41:02.807 HelloWorld[35890:c07] [LOG] scheduling ajax...
2013-03-14 11:41:03.813 HelloWorld[35890:c07] [LOG] running ajax after delay...
2013-03-14 11:41:04.193 HelloWorld[35890:c07] [LOG] scheduling ajax...
2013-03-14 11:41:05.194 HelloWorld[35890:c07] [LOG] running ajax after delay...
2013-03-14 13:25:56.812 HelloWorld[36531:c07] Multi-tasking -> Device: YES, App: YES
2013-03-14 13:25:56.899 HelloWorld[36531:c07] Resetting plugins due to page load.
2013-03-14 13:25:59.679 HelloWorld[36531:c07] Finished load of: file:///Users/mgrassotti/Library/Application%20Support/iPhone%20Simulator/6.1/Applications/F87FCAC4-F741-402A-B25D-0506493135EB/HelloWorld.app/www/index.html
2013-03-14 13:25:59.745 HelloWorld[36531:c07] [LOG] scheduling ajax...
2013-03-14 13:25:59.746 HelloWorld[36531:c07] [LOG] loading enter
2013-03-14 13:25:59.746 HelloWorld[36531:c07] [LOG] scheduling ajax...
2013-03-14 13:25:59.747 HelloWorld[36531:c07] [LOG] loading exit
2013-03-14 13:26:00.730 HelloWorld[36531:c07] [LOG] running ajax after delay...
2013-03-14 13:26:00.734 HelloWorld[36531:c07] [LOG] running ajax after delay...
2013-03-14 13:26:04.482 HelloWorld[36531:c07] [LOG] scheduling ajax...
2013-03-14 13:26:05.481 HelloWorld[36531:c07] [LOG] running ajax after delay...
2013-03-14 13:26:24.871 HelloWorld[36531:c07] Camera.getPicture: source type 1 not available.
